c:\users\noiro\documents\cpp-game\cpp_game\x64\debug\vc143.pdb
c:\users\noiro\documents\cpp-game\cpp_game\x64\debug\vc143.idb
c:\users\noiro\documents\cpp-game\cpp_game\x64\debug\navigationserver.obj
c:\users\noiro\documents\cpp-game\cpp_game\x64\debug\inputmanager.obj
c:\users\noiro\documents\cpp-game\cpp_game\x64\debug\garbagecollector.obj
c:\users\noiro\documents\cpp-game\cpp_game\x64\debug\logger.obj
c:\users\noiro\documents\cpp-game\cpp_game\x64\debug\engine.obj
c:\users\noiro\documents\cpp-game\cpp_game\x64\debug\transform2d.obj
c:\users\noiro\documents\cpp-game\cpp_game\x64\debug\tilemap2d.obj
c:\users\noiro\documents\cpp-game\cpp_game\x64\debug\sprite2d.obj
c:\users\noiro\documents\cpp-game\cpp_game\x64\debug\navmesh2d.obj
c:\users\noiro\documents\cpp-game\cpp_game\x64\debug\navagent2d.obj
c:\users\noiro\documents\cpp-game\cpp_game\x64\debug\componentui.obj
c:\users\noiro\documents\cpp-game\cpp_game\x64\debug\component2d.obj
c:\users\noiro\documents\cpp-game\cpp_game\x64\debug\collider2d.obj
c:\users\noiro\documents\cpp-game\cpp_game\x64\debug\charactermovement2d.obj
c:\users\noiro\documents\cpp-game\cpp_game\x64\debug\camera2d.obj
c:\users\noiro\documents\cpp-game\cpp_game\x64\debug\boxcollider2d.obj
c:\users\noiro\documents\cpp-game\cpp_game\x64\debug\animatedsprite2d.obj
c:\users\noiro\documents\cpp-game\cpp_game\x64\debug\componentbase.obj
c:\users\noiro\documents\cpp-game\cpp_game\x64\debug\component.obj
c:\users\noiro\documents\cpp-game\cpp_game\x64\debug\main.obj
c:\users\noiro\documents\cpp-game\cpp_game\x64\debug\player.obj
c:\users\noiro\documents\cpp-game\cpp_game\x64\debug\empty.obj
c:\users\noiro\documents\cpp-game\cpp_game\x64\debug\bullet.obj
c:\users\noiro\documents\cpp-game\cpp_game\x64\debug\scenetree.obj
c:\users\noiro\documents\cpp-game\cpp_game\x64\debug\resourcesmanager.obj
c:\users\noiro\documents\cpp-game\cpp_game\x64\debug\renderingserver.obj
c:\users\noiro\documents\cpp-game\cpp_game\x64\debug\physicsserver.obj
c:\users\noiro\documents\cpp-game\cpp_game\x64\debug\enemy.obj
c:\users\noiro\documents\cpp-game\cpp_game\x64\debug\game.obj
c:\users\noiro\documents\cpp-game\x64\debug\cpp_game.exe
c:\users\noiro\documents\cpp-game\x64\debug\cpp_game.pdb
c:\users\noiro\documents\cpp-game\cpp_game\x64\debug\cpp_game.ilk
c:\users\noiro\documents\cpp-game\cpp_game\x64\debug\animatedsprite.obj
c:\users\noiro\documents\cpp-game\cpp_game\x64\debug\assetmanager.obj
c:\users\noiro\documents\cpp-game\cpp_game\x64\debug\entities.obj
c:\users\noiro\documents\cpp-game\cpp_game\x64\debug\input.obj
c:\users\noiro\documents\cpp-game\cpp_game\x64\debug\level.obj
c:\users\noiro\documents\cpp-game\cpp_game\x64\debug\movement.obj
c:\users\noiro\documents\cpp-game\cpp_game\x64\debug\physics.obj
c:\users\noiro\documents\cpp-game\cpp_game\x64\debug\sprite.obj
c:\users\noiro\documents\cpp-game\cpp_game\x64\debug\texturerect.obj
c:\users\noiro\documents\cpp-game\cpp_game\x64\debug\tilemap.obj
c:\users\noiro\documents\cpp-game\cpp_game\x64\debug\transform.obj
c:\users\noiro\documents\cpp-game\cpp_game\x64\debug\tree.obj
c:\users\noiro\documents\cpp-game\cpp_game\x64\debug\cpp_project.ilk
c:\users\noiro\documents\cpp-game\cpp_game\x64\debug\cpp_game.tlog\cl.command.1.tlog
c:\users\noiro\documents\cpp-game\cpp_game\x64\debug\cpp_game.tlog\cl.items.tlog
c:\users\noiro\documents\cpp-game\cpp_game\x64\debug\cpp_game.tlog\cl.read.1.tlog
c:\users\noiro\documents\cpp-game\cpp_game\x64\debug\cpp_game.tlog\cl.write.1.tlog
c:\users\noiro\documents\cpp-game\cpp_game\x64\debug\cpp_game.tlog\link.command.1.tlog
c:\users\noiro\documents\cpp-game\cpp_game\x64\debug\cpp_game.tlog\link.read.1.tlog
c:\users\noiro\documents\cpp-game\cpp_game\x64\debug\cpp_game.tlog\link.secondary.1.tlog
c:\users\noiro\documents\cpp-game\cpp_game\x64\debug\cpp_game.tlog\link.write.1.tlog
