  ColliderTileMap2D.cpp
  ObjectTileMap2D.cpp
  TileMap2D.cpp
  RenderingServer.cpp
  SceneTree.cpp
  Game.cpp
  BaseEnemy.cpp
  ShotgunEnemy.cpp
  Enemy.cpp
  EnemyBullet.cpp
  Gun.cpp
  Player.cpp
  PlayerBullet.cpp
  RoomObject.cpp
  Main.cpp
  Generating code
  1 of 2594 functions (<0.1%) were compiled, the rest were copied from previous compilation.
    0 functions were new in current compilation
    2 functions had inline decision re-evaluated but remain unchanged
  Finished generating code
  Dungeon-Bullet-Hell.vcxproj -> C:\Users\noiro\Documents\Dungeon-Bullet-Hell\x64\Release\Dungeon-Bullet-Hell.exe
