c:\users\noiro\documents\dungeon-bullet-hell\dungeon-bullet-hell\x64\debug\vc143.pdb
c:\users\noiro\documents\dungeon-bullet-hell\dungeon-bullet-hell\x64\debug\vc143.idb
c:\users\noiro\documents\dungeon-bullet-hell\dungeon-bullet-hell\x64\debug\renderingserver.obj
c:\users\noiro\documents\dungeon-bullet-hell\dungeon-bullet-hell\x64\debug\physicsserver.obj
c:\users\noiro\documents\dungeon-bullet-hell\dungeon-bullet-hell\x64\debug\navigationserver.obj
c:\users\noiro\documents\dungeon-bullet-hell\dungeon-bullet-hell\x64\debug\inputmanager.obj
c:\users\noiro\documents\dungeon-bullet-hell\dungeon-bullet-hell\x64\debug\garbagecollector.obj
c:\users\noiro\documents\dungeon-bullet-hell\dungeon-bullet-hell\x64\debug\logger.obj
c:\users\noiro\documents\dungeon-bullet-hell\dungeon-bullet-hell\x64\debug\engine.obj
c:\users\noiro\documents\dungeon-bullet-hell\dungeon-bullet-hell\x64\debug\transform2d.obj
c:\users\noiro\documents\dungeon-bullet-hell\dungeon-bullet-hell\x64\debug\tilemap2d.obj
c:\users\noiro\documents\dungeon-bullet-hell\dungeon-bullet-hell\x64\debug\sprite2d.obj
c:\users\noiro\documents\dungeon-bullet-hell\dungeon-bullet-hell\x64\debug\objecttilemap2d.obj
c:\users\noiro\documents\dungeon-bullet-hell\dungeon-bullet-hell\x64\debug\navmesh2d.obj
c:\users\noiro\documents\dungeon-bullet-hell\dungeon-bullet-hell\x64\debug\navagent2d.obj
c:\users\noiro\documents\dungeon-bullet-hell\dungeon-bullet-hell\x64\debug\componentui.obj
c:\users\noiro\documents\dungeon-bullet-hell\dungeon-bullet-hell\x64\debug\component2d.obj
c:\users\noiro\documents\dungeon-bullet-hell\dungeon-bullet-hell\x64\debug\collidertilemap2d.obj
c:\users\noiro\documents\dungeon-bullet-hell\dungeon-bullet-hell\x64\debug\collider2d.obj
c:\users\noiro\documents\dungeon-bullet-hell\dungeon-bullet-hell\x64\debug\charactermovement2d.obj
c:\users\noiro\documents\dungeon-bullet-hell\dungeon-bullet-hell\x64\debug\camera2d.obj
c:\users\noiro\documents\dungeon-bullet-hell\dungeon-bullet-hell\x64\debug\animatedsprite2d.obj
c:\users\noiro\documents\dungeon-bullet-hell\dungeon-bullet-hell\x64\debug\main.obj
c:\users\noiro\documents\dungeon-bullet-hell\dungeon-bullet-hell\x64\debug\roomlist.obj
c:\users\noiro\documents\dungeon-bullet-hell\dungeon-bullet-hell\x64\debug\player.obj
c:\users\noiro\documents\dungeon-bullet-hell\dungeon-bullet-hell\x64\debug\gun.obj
c:\users\noiro\documents\dungeon-bullet-hell\dungeon-bullet-hell\x64\debug\enemy.obj
c:\users\noiro\documents\dungeon-bullet-hell\dungeon-bullet-hell\x64\debug\empty.obj
c:\users\noiro\documents\dungeon-bullet-hell\dungeon-bullet-hell\x64\debug\gameconfigs.obj
c:\users\noiro\documents\dungeon-bullet-hell\dungeon-bullet-hell\x64\debug\game.obj
c:\users\noiro\documents\dungeon-bullet-hell\dungeon-bullet-hell\x64\debug\dungeongenerator.obj
c:\users\noiro\documents\dungeon-bullet-hell\dungeon-bullet-hell\x64\debug\resourcesmanager.obj
c:\users\noiro\documents\dungeon-bullet-hell\dungeon-bullet-hell\x64\debug\scenetree.obj
c:\users\noiro\documents\dungeon-bullet-hell\dungeon-bullet-hell\x64\debug\playerbullet.obj
c:\users\noiro\documents\dungeon-bullet-hell\dungeon-bullet-hell\x64\debug\enemybullet.obj
c:\users\noiro\documents\dungeon-bullet-hell\dungeon-bullet-hell\x64\debug\shotgunenemy.obj
c:\users\noiro\documents\dungeon-bullet-hell\dungeon-bullet-hell\x64\debug\baseenemy.obj
c:\users\noiro\documents\dungeon-bullet-hell\dungeon-bullet-hell\x64\debug\roomobject.obj
c:\users\noiro\documents\dungeon-bullet-hell\x64\debug\dungeon-bullet-hell.exe
c:\users\noiro\documents\dungeon-bullet-hell\x64\debug\dungeon-bullet-hell.pdb
c:\users\noiro\documents\dungeon-bullet-hell\dungeon-bullet-hell\x64\debug\dungeon-bullet-hell.ilk
c:\users\noiro\documents\dungeon-bullet-hell\dungeon-bullet-hell\x64\debug\bullet.obj
c:\users\noiro\documents\dungeon-bullet-hell\dungeon-bullet-hell\x64\debug\dungeon-.a0061366.tlog\cl.command.1.tlog
c:\users\noiro\documents\dungeon-bullet-hell\dungeon-bullet-hell\x64\debug\dungeon-.a0061366.tlog\cl.items.tlog
c:\users\noiro\documents\dungeon-bullet-hell\dungeon-bullet-hell\x64\debug\dungeon-.a0061366.tlog\cl.read.1.tlog
c:\users\noiro\documents\dungeon-bullet-hell\dungeon-bullet-hell\x64\debug\dungeon-.a0061366.tlog\cl.write.1.tlog
c:\users\noiro\documents\dungeon-bullet-hell\dungeon-bullet-hell\x64\debug\dungeon-.a0061366.tlog\link.command.1.tlog
c:\users\noiro\documents\dungeon-bullet-hell\dungeon-bullet-hell\x64\debug\dungeon-.a0061366.tlog\link.read.1.tlog
c:\users\noiro\documents\dungeon-bullet-hell\dungeon-bullet-hell\x64\debug\dungeon-.a0061366.tlog\link.secondary.1.tlog
c:\users\noiro\documents\dungeon-bullet-hell\dungeon-bullet-hell\x64\debug\dungeon-.a0061366.tlog\link.write.1.tlog
